#
# A fatal error has been detected by the Java Runtime Environment:
#
#  SIGSEGV (0xb) at pc=0x00007fff8ed284dd, pid=38040, tid=1295
#
# JRE version: Java(TM) SE Runtime Environment (7.0_51-b13) (build 1.7.0_51-b13)
# Java VM: Java HotSpot(TM) 64-Bit Server VM (24.51-b03 mixed mode bsd-amd64 compressed oops)
# Problematic frame:
# C  [libobjc.A.dylib+0x14dd]  objc_msgSend+0x1d
#
# Failed to write core dump. Core dumps have been disabled. To enable core dumping, try "ulimit -c unlimited" before starting Java again
#
# If you would like to submit a bug report, please visit:
#   http://bugreport.sun.com/bugreport/crash.jsp
# The crash happened outside the Java Virtual Machine in native code.
# See problematic frame for where to report the bug.
#

---------------  T H R E A D  ---------------

Current thread (0x00007fa3520ca000):  JavaThread "AppKit Thread" daemon [_thread_in_native, id=1295, stack(0x00007fff4fa64000,0x00007fff50264000)]

siginfo:si_signo=SIGSEGV: si_errno=0, si_code=1 (SEGV_MAPERR), si_addr=0x000007fa35064ff0

Registers:
RAX=0x00007fa350658ec0, RBX=0x00007fff5025eca8, RCX=0x00007fa35054a368, RDX=0x00007fa35074cea0
RSP=0x00007fff5025ec68, RBP=0x00007fff5025ec70, RSI=0x00007fff906b884a, RDI=0x00007fa350658ec0
R8 =0x000000000000001f, R9 =0x00007fa35054ffe0, R10=0x00007fff906b884a, R11=0x000007fa35064fd8
R12=0x00007fa35074cea0, R13=0x00007fa35054ffe0, R14=0x00007fa35054a360, R15=0x0000000000000000
RIP=0x00007fff8ed284dd, EFLAGS=0x0000000000010206, ERR=0x0000000000000004
  TRAPNO=0x000000000000000e

Top of Stack: (sp=0x00007fff5025ec68)
0x00007fff5025ec68:   00007fff9258dbbc 00007fff5025ec90
0x00007fff5025ec78:   00007fff9258db4f 0000000000000000
0x00007fff5025ec88:   0000000000000000 00007fff5025ed00
0x00007fff5025ec98:   00007fff9258dac7 00007fff5025ecd0
0x00007fff5025eca8:   00007fff747320a0 0000000042000000
0x00007fff5025ecb8:   00007fff9258db10 00007fff75fc9720
0x00007fff5025ecc8:   00007fa35054ffe0 00007fa35074cea0
0x00007fff5025ecd8:   00007fff5025f4a8 00007fff760f6780
0x00007fff5025ece8:   00007fff5025f4a8 00007fa35054ffe0
0x00007fff5025ecf8:   00007fff9294d9e2 00007fff5025ed40
0x00007fff5025ed08:   00007fff9258d832 00007fff5025f320
0x00007fff5025ed18:   0000000000000001 00007fff760f6780
0x00007fff5025ed28:   00007fff5025f4a8 00007fff8ed284c0
0x00007fff5025ed38:   00007fff9294d9e2 00007fff5025f450
0x00007fff5025ed48:   00007fff9254a5e2 00007fa35060f400
0x00007fff5025ed58:   ffff805caf9f0c00 00007fff74f35e80
0x00007fff5025ed68:   00007fa350610050 00007fa3510050b8
0x00007fff5025ed78:   00007fa35043ab20 0000000000000000
0x00007fff5025ed88:   0000000000000000 0000000000000000
0x00007fff5025ed98:   00007fa35043bab0 00007fff76006bc0
0x00007fff5025eda8:   00007fff5025f320 0000000000000002
0x00007fff5025edb8:   0000000000000100 00007fff5025ed00
0x00007fff5025edc8:   00007fff5025f220 0000000000000000
0x00007fff5025edd8:   0000000000000100 00007fff5025ee00
0x00007fff5025ede8:   00007fff760f6780 0000000000000000
0x00007fff5025edf8:   00007fff75fca500 00007fff760f6780
0x00007fff5025ee08:   0000000000000000 00007fff75fca500
0x00007fff5025ee18:   00007fff74f35e80 00007fff5025ee90
0x00007fff5025ee28:   00007fff8ed30310 0000000000000000
0x00007fff5025ee38:   00007fff74f37710 0000000100000000
0x00007fff5025ee48:   0000000000000000 ffff805caf8df8e0
0x00007fff5025ee58:   00007fa35077d660 00007fa35077d810 

Instructions: (pc=0x00007fff8ed284dd)
0x00007fff8ed284bd:   44 00 00 48 85 ff 2e 74 62 40 f6 c7 01 2e 75 66
0x00007fff8ed284cd:   49 bb f8 ff ff ff ff 7f 00 00 4c 23 1f 49 89 f2
0x00007fff8ed284dd:   45 23 53 18 49 c1 e2 04 4d 03 53 10 49 3b 32 75
0x00007fff8ed284ed:   04 41 ff 62 08 49 83 3a 01 76 0d 49 83 c2 10 49 

Register to memory mapping:

RAX=0x00007fa350658ec0 is an unknown value
RBX=0x00007fff5025eca8 is pointing into the stack for thread: 0x00007fa3520ca000
RCX=0x00007fa35054a368 is an unknown value
RDX=0x00007fa35074cea0 is an unknown value
RSP=0x00007fff5025ec68 is pointing into the stack for thread: 0x00007fa3520ca000
RBP=0x00007fff5025ec70 is pointing into the stack for thread: 0x00007fa3520ca000
RSI=0x00007fff906b884a: -[NSTitlebarContainerView transparent]+0x63088 in /System/Library/Frameworks/AppKit.framework/Versions/C/AppKit at 0x00007fff8fc2b000
RDI=0x00007fa350658ec0 is an unknown value
R8 =0x000000000000001f is an unknown value
R9 =0x00007fa35054ffe0 is an unknown value
R10=0x00007fff906b884a: -[NSTitlebarContainerView transparent]+0x63088 in /System/Library/Frameworks/AppKit.framework/Versions/C/AppKit at 0x00007fff8fc2b000
R11=0x000007fa35064fd8 is an unknown value
R12=0x00007fa35074cea0 is an unknown value
R13=0x00007fa35054ffe0 is an unknown value
R14=0x00007fa35054a360 is an unknown value
R15=0x0000000000000000 is an unknown value


Stack: [0x00007fff4fa64000,0x00007fff50264000],  sp=0x00007fff5025ec68,  free space=8171k
Native frames: (J=compiled Java code, j=interpreted, Vv=VM code, C=native code)
C  [libobjc.A.dylib+0x14dd]  objc_msgSend+0x1d
C  [CoreFoundation+0xa0b4f]  ___CFXRegistrationPost_block_invoke+0x3f
C  [CoreFoundation+0xa0ac7]  _CFXRegistrationPost+0x197
C  [CoreFoundation+0xa0832]  ___CFXNotificationPost_block_invoke+0x32
C  [CoreFoundation+0x5d5e2]  -[_CFXNotificationRegistrar find:object:observer:enumerator:]+0x782
C  [CoreFoundation+0x5c835]  _CFXNotificationPost+0x2b5
C  [Foundation+0x717a]  -[NSNotificationCenter postNotificationName:object:userInfo:]+0x42
C  [AppKit+0x26526e]  -[NSSurface _disposeSurface]+0xa9
C  [AppKit+0x264cc7]  -[NSSurface setWindow:]+0x42
C  [AppKit+0x28ba7]  -[NSView _setWindow:]+0x9be
C  [AppKit+0x2b993]  -[NSView removeFromSuperview]+0x1d7
C  [AppKit+0x155c7b]  -[NSView removeFromSuperviewWithoutNeedingDisplay]+0x26
C  [liblwjgl.dylib+0xa205]  +[MacOSXKeyableWindow destroyWindow]+0xb5
C  [Foundation+0x76fde]  __NSThreadPerformPerform+0x117
C  [CoreFoundation+0xaa881]  __CFRUNLOOP_IS_CALLING_OUT_TO_A_SOURCE0_PERFORM_FUNCTION__+0x11
C  [CoreFoundation+0x89fbc]  __CFRunLoopDoSources0+0x22c
C  [CoreFoundation+0x894df]  __CFRunLoopRun+0x39f
C  [CoreFoundation+0x88ed8]  CFRunLoopRunSpecific+0x128
C  [HIToolbox+0x30935]  RunCurrentEventLoopInMode+0xeb
C  [HIToolbox+0x3076f]  ReceiveNextEventCommon+0x1b0
C  [HIToolbox+0x305af]  _BlockUntilNextEventMatchingListInModeWithFilter+0x47
C  [AppKit+0x48df6]  _DPSNextEvent+0x42b
C  [AppKit+0x48226]  -[NSApplication _nextEventMatchingEventMask:untilDate:inMode:dequeue:]+0x1c6
C  [libosxapp.dylib+0x16f4]  -[NSApplicationAWT nextEventMatchingMask:untilDate:inMode:dequeue:]+0x7c
C  [AppKit+0x3cd80]  -[NSApplication run]+0x2aa
C  [libosxapp.dylib+0x1557]  +[NSApplicationAWT runAWTLoopWithApp:]+0x9c
C  [liblwawt.dylib+0xdba9]  -[AWTStarter starter:]+0x369
C  [Foundation+0x76fde]  __NSThreadPerformPerform+0x117
C  [CoreFoundation+0xaa881]  __CFRUNLOOP_IS_CALLING_OUT_TO_A_SOURCE0_PERFORM_FUNCTION__+0x11
C  [CoreFoundation+0x89fbc]  __CFRunLoopDoSources0+0x22c
C  [CoreFoundation+0x894df]  __CFRunLoopRun+0x39f
C  [CoreFoundation+0x88ed8]  CFRunLoopRunSpecific+0x128
C  [java+0x73b0]  CreateExecutionEnvironment+0x367
C  [java+0x1b5c]  JLI_Launch+0x7a0
C  [java+0x770d]  main+0x65
C  [java+0x13b4]  start+0x34


---------------  P R O C E S S  ---------------

Java Threads: ( => current thread )
  0x00007fa350925800 JavaThread "AWT-Shutdown" [_thread_blocked, id=61719, stack(0x00007000010d0000,0x00007000011d0000)]
=>0x00007fa3520ca000 JavaThread "AppKit Thread" daemon [_thread_in_native, id=1295, stack(0x00007fff4fa64000,0x00007fff50264000)]
  0x00007fa352045000 JavaThread "Service Thread" daemon [_thread_blocked, id=18179, stack(0x0000700000d41000,0x0000700000e41000)]
  0x00007fa352044800 JavaThread "C2 CompilerThread1" daemon [_thread_blocked, id=17667, stack(0x0000700000c3e000,0x0000700000d3e000)]
  0x00007fa352042800 JavaThread "C2 CompilerThread0" daemon [_thread_blocked, id=17155, stack(0x0000700000b3b000,0x0000700000c3b000)]
  0x00007fa35203f000 JavaThread "Signal Dispatcher" daemon [_thread_blocked, id=13839, stack(0x0000700000a38000,0x0000700000b38000)]
  0x00007fa35202f000 JavaThread "Finalizer" daemon [_thread_blocked, id=12291, stack(0x000070000082f000,0x000070000092f000)]
  0x00007fa351012800 JavaThread "Reference Handler" daemon [_thread_blocked, id=11779, stack(0x000070000072c000,0x000070000082c000)]
  0x00007fa351800800 JavaThread "main" [_thread_in_native, id=5891, stack(0x000070000011a000,0x000070000021a000)]

Other Threads:
  0x00007fa351012000 VMThread [stack: 0x0000700000629000,0x0000700000729000] [id=11267]
  0x00007fa352040000 WatcherThread [stack: 0x0000700000e44000,0x0000700000f44000] [id=18691]

VM state:not at safepoint (normal execution)

VM Mutex/Monitor currently owned by a thread: None

Heap
 PSYoungGen      total 38912K, used 9123K [0x00000007d5500000, 0x00000007d8000000, 0x0000000800000000)
  eden space 33792K, 17% used [0x00000007d5500000,0x00000007d5a9ded0,0x00000007d7600000)
  from space 5120K, 65% used [0x00000007d7600000,0x00000007d794b008,0x00000007d7b00000)
  to   space 5120K, 0% used [0x00000007d7b00000,0x00000007d7b00000,0x00000007d8000000)
 ParOldGen       total 87040K, used 8K [0x0000000780000000, 0x0000000785500000, 0x00000007d5500000)
  object space 87040K, 0% used [0x0000000780000000,0x0000000780002000,0x0000000785500000)
 PSPermGen       total 21504K, used 6403K [0x000000077ae00000, 0x000000077c300000, 0x0000000780000000)
  object space 21504K, 29% used [0x000000077ae00000,0x000000077b440c80,0x000000077c300000)

Card table byte_map: [0x0000000114053000,0x000000011447d000] byte_map_base: 0x000000011047c000

Polling page: 0x000000010fc58000

Code Cache  [0x0000000111053000, 0x00000001112c3000, 0x0000000114053000)
 total_blobs=461 nmethods=123 adapters=292 free_code_cache=48496Kb largest_free_block=49630720

Compilation events (10 events):
Event: 6.612 Thread 0x00007fa352042800  118             org.newdawn.slick.opengl.renderer.ImmediateModeOGLRenderer::glVertex3f (7 bytes)
Event: 6.612 Thread 0x00007fa352044800  119             org.lwjgl.opengl.GL11::glVertex3f (24 bytes)
Event: 6.614 Thread 0x00007fa352044800 nmethod 119 0x00000001110f9610 code [0x00000001110f9760, 0x00000001110f9888]
Event: 6.615 Thread 0x00007fa352042800 nmethod 118 0x00000001110f9190 code [0x00000001110f92e0, 0x00000001110f9428]
Event: 6.805 Thread 0x00007fa352044800  121             java.nio.Buffer::position (43 bytes)
Event: 6.806 Thread 0x00007fa352044800 nmethod 121 0x00000001110f46d0 code [0x00000001110f4800, 0x00000001110f4898]
Event: 8.056 Thread 0x00007fa352042800  122             sun.misc.FloatingDecimal::countBits (80 bytes)
Event: 8.058 Thread 0x00007fa352042800 nmethod 122 0x00000001110f8b10 code [0x00000001110f8c40, 0x00000001110f8d18]
Event: 8.277 Thread 0x00007fa352044800  123             java.nio.Buffer::remaining (10 bytes)
Event: 8.278 Thread 0x00007fa352044800 nmethod 123 0x00000001110f8910 code [0x00000001110f8a40, 0x00000001110f8a98]

GC Heap History (2 events):
Event: 1.459 GC heap before
{Heap before GC invocations=1 (full 0):
 PSYoungGen      total 38912K, used 33792K [0x00000007d5500000, 0x00000007d8000000, 0x0000000800000000)
  eden space 33792K, 100% used [0x00000007d5500000,0x00000007d7600000,0x00000007d7600000)
  from space 5120K, 0% used [0x00000007d7b00000,0x00000007d7b00000,0x00000007d8000000)
  to   space 5120K, 0% used [0x00000007d7600000,0x00000007d7600000,0x00000007d7b00000)
 ParOldGen       total 87040K, used 0K [0x0000000780000000, 0x0000000785500000, 0x00000007d5500000)
  object space 87040K, 0% used [0x0000000780000000,0x0000000780000000,0x0000000785500000)
 PSPermGen       total 21504K, used 6264K [0x000000077ae00000, 0x000000077c300000, 0x0000000780000000)
  object space 21504K, 29% used [0x000000077ae00000,0x000000077b41e390,0x000000077c300000)
Event: 1.466 GC heap after
Heap after GC invocations=1 (full 0):
 PSYoungGen      total 38912K, used 3372K [0x00000007d5500000, 0x00000007d8000000, 0x0000000800000000)
  eden space 33792K, 0% used [0x00000007d5500000,0x00000007d5500000,0x00000007d7600000)
  from space 5120K, 65% used [0x00000007d7600000,0x00000007d794b008,0x00000007d7b00000)
  to   space 5120K, 0% used [0x00000007d7b00000,0x00000007d7b00000,0x00000007d8000000)
 ParOldGen       total 87040K, used 8K [0x0000000780000000, 0x0000000785500000, 0x00000007d5500000)
  object space 87040K, 0% used [0x0000000780000000,0x0000000780002000,0x0000000785500000)
 PSPermGen       total 21504K, used 6264K [0x000000077ae00000, 0x000000077c300000, 0x0000000780000000)
  object space 21504K, 29% used [0x000000077ae00000,0x000000077b41e390,0x000000077c300000)
}

Deoptimization events (10 events):
Event: 0.767 Thread 0x00007fa351800800 Uncommon trap: reason=unloaded action=reinterpret pc=0x00000001110d0a48 method=java.io.BufferedReader.readLine(Z)Ljava/lang/String; @ 268
Event: 1.495 Thread 0x00007fa351800800 Uncommon trap: reason=unreached action=reinterpret pc=0x00000001110e412c method=java.util.jar.JarFile.getEntry(Ljava/lang/String;)Ljava/util/zip/ZipEntry; @ 7
Event: 1.495 Thread 0x00007fa351800800 Uncommon trap: reason=class_check action=maybe_recompile pc=0x00000001110e66c4 method=java.net.URL.<init>(Ljava/net/URL;Ljava/lang/String;Ljava/net/URLStreamHandler;)V @ 504
Event: 1.501 Thread 0x00007fa351800800 Uncommon trap: reason=class_check action=maybe_recompile pc=0x00000001110e66c4 method=java.net.URL.<init>(Ljava/net/URL;Ljava/lang/String;Ljava/net/URLStreamHandler;)V @ 504
Event: 1.501 Thread 0x00007fa351800800 Uncommon trap: reason=class_check action=maybe_recompile pc=0x00000001110d795c method=java.util.HashMap.put(Ljava/lang/Object;Ljava/lang/Object;)Ljava/lang/Object; @ 137
Event: 1.501 Thread 0x00007fa351800800 Uncommon trap: reason=class_check action=maybe_recompile pc=0x00000001110d795c method=java.util.HashMap.put(Ljava/lang/Object;Ljava/lang/Object;)Ljava/lang/Object; @ 137
Event: 1.503 Thread 0x00007fa351800800 Uncommon trap: reason=class_check action=maybe_recompile pc=0x00000001110d795c method=java.util.HashMap.put(Ljava/lang/Object;Ljava/lang/Object;)Ljava/lang/Object; @ 137
Event: 1.503 Thread 0x00007fa351800800 Uncommon trap: reason=class_check action=maybe_recompile pc=0x00000001110e66c4 method=java.net.URL.<init>(Ljava/net/URL;Ljava/lang/String;Ljava/net/URLStreamHandler;)V @ 504
Event: 1.504 Thread 0x00007fa351800800 Uncommon trap: reason=class_check action=maybe_recompile pc=0x00000001110e66c4 method=java.net.URL.<init>(Ljava/net/URL;Ljava/lang/String;Ljava/net/URLStreamHandler;)V @ 504
Event: 2.556 Thread 0x00007fa351800800 Uncommon trap: reason=class_check action=maybe_recompile pc=0x00000001110d795c method=java.util.HashMap.put(Ljava/lang/Object;Ljava/lang/Object;)Ljava/lang/Object; @ 137

Internal exceptions (10 events):
Event: 1.119 Thread 0x00007fa351800800 Threw 0x00000007d5f07120 at /HUDSON/workspace/7u-2-build-macosx-x86_64/jdk7u51/527/hotspot/src/share/vm/prims/jvm.cpp:1244
Event: 1.195 Thread 0x00007fa351800800 Threw 0x00000007d61fe558 at /HUDSON/workspace/7u-2-build-macosx-x86_64/jdk7u51/527/hotspot/src/share/vm/prims/jvm.cpp:1244
Event: 1.196 Thread 0x00007fa351800800 Threw 0x00000007d6201918 at /HUDSON/workspace/7u-2-build-macosx-x86_64/jdk7u51/527/hotspot/src/share/vm/prims/jvm.cpp:1244
Event: 1.332 Thread 0x00007fa351800800 Threw 0x00000007d6c37bc8 at /HUDSON/workspace/7u-2-build-macosx-x86_64/jdk7u51/527/hotspot/src/share/vm/prims/jvm.cpp:1244
Event: 1.332 Thread 0x00007fa351800800 Threw 0x00000007d6c3ae20 at /HUDSON/workspace/7u-2-build-macosx-x86_64/jdk7u51/527/hotspot/src/share/vm/prims/jvm.cpp:1244
Event: 1.495 Thread 0x00007fa351800800 Threw 0x00000007d58bc710 at /HUDSON/workspace/7u-2-build-macosx-x86_64/jdk7u51/527/hotspot/src/share/vm/prims/jvm.cpp:1244
Event: 1.501 Thread 0x00007fa351800800 Threw 0x00000007d58c4a98 at /HUDSON/workspace/7u-2-build-macosx-x86_64/jdk7u51/527/hotspot/src/share/vm/prims/jvm.cpp:1244
Event: 1.503 Thread 0x00007fa351800800 Threw 0x00000007d58c9320 at /HUDSON/workspace/7u-2-build-macosx-x86_64/jdk7u51/527/hotspot/src/share/vm/prims/jvm.cpp:1244
Event: 1.504 Thread 0x00007fa351800800 Threw 0x00000007d58cde00 at /HUDSON/workspace/7u-2-build-macosx-x86_64/jdk7u51/527/hotspot/src/share/vm/prims/jvm.cpp:1244
Event: 8.276 Thread 0x00007fa351800800 Threw 0x00000007d5a384b0 at /HUDSON/workspace/7u-2-build-macosx-x86_64/jdk7u51/527/hotspot/src/share/vm/prims/jvm.cpp:1244

Events (10 events):
Event: 2.556 Thread 0x00007fa351800800 DEOPT UNPACKING pc=0x000000011108c045 sp=0x0000700000219560 mode 2
Event: 2.664 Thread 0x00007fa35224e800 Thread added: 0x00007fa35224e800
Event: 3.666 Thread 0x00007fa35224e800 Thread exited: 0x00007fa35224e800
Event: 3.705 Thread 0x00007fa3510f7800 Thread added: 0x00007fa3510f7800
Event: 4.123 Executing VM operation: EnableBiasedLocking
Event: 4.124 Executing VM operation: EnableBiasedLocking done
Event: 7.243 Thread 0x00007fa3510f7800 Thread exited: 0x00007fa3510f7800
Event: 8.204 Thread 0x00007fa350925800 Thread added: 0x00007fa350925800
Event: 8.276 loading class 0x00007fa3504379e0
Event: 8.276 loading class 0x00007fa3504379e0 done


Dynamic libraries:
0x0000000002ceb000 	/System/Library/Frameworks/Cocoa.framework/Versions/A/Cocoa
0x0000000002ceb000 	/System/Library/Frameworks/Security.framework/Versions/A/Security
0x0000000002ceb000 	/System/Library/Frameworks/ApplicationServices.framework/Versions/A/ApplicationServices
0x0000000002ceb000 	/usr/lib/libz.1.dylib
0x0000000002ceb000 	/usr/lib/libSystem.B.dylib
0x0000000002ceb000 	/usr/lib/libobjc.A.dylib
0x0000000002ceb000 	/System/Library/Frameworks/CoreFoundation.framework/Versions/A/CoreFoundation
0x0000000002ceb000 	/System/Library/Frameworks/Foundation.framework/Versions/C/Foundation
0x0000000002ceb000 	/System/Library/Frameworks/AppKit.framework/Versions/C/AppKit
0x0000000002ceb000 	/System/Library/Frameworks/CoreData.framework/Versions/A/CoreData
0x0000000002ceb000 	/System/Library/PrivateFrameworks/RemoteViewServices.framework/Versions/A/RemoteViewServices
0x0000000002ceb000 	/System/Library/PrivateFrameworks/UIFoundation.framework/Versions/A/UIFoundation
0x0000000002ceb000 	/usr/lib/libScreenReader.dylib
0x0000000002ceb000 	/System/Library/Frameworks/Accelerate.framework/Versions/A/Accelerate
0x0000000002ceb000 	/System/Library/Frameworks/IOSurface.framework/Versions/A/IOSurface
0x0000000002ceb000 	/System/Library/Frameworks/AudioToolbox.framework/Versions/A/AudioToolbox
0x0000000002ceb000 	/System/Library/Frameworks/AudioUnit.framework/Versions/A/AudioUnit
0x0000000002ceb000 	/System/Library/PrivateFrameworks/DataDetectorsCore.framework/Versions/A/DataDetectorsCore
0x0000000002ceb000 	/System/Library/PrivateFrameworks/DesktopServicesPriv.framework/Versions/A/DesktopServicesPriv
0x0000000002ceb000 	/System/Library/Frameworks/Carbon.framework/Versions/A/Frameworks/HIToolbox.framework/Versions/A/HIToolbox
0x0000000002ceb000 	/System/Library/Frameworks/QuartzCore.framework/Versions/A/QuartzCore
0x0000000002ceb000 	/System/Library/Frameworks/Carbon.framework/Versions/A/Frameworks/SpeechRecognition.framework/Versions/A/SpeechRecognition
0x0000000002ceb000 	/usr/lib/libauto.dylib
0x0000000002ceb000 	/usr/lib/libicucore.A.dylib
0x0000000002ceb000 	/usr/lib/libxml2.2.dylib
0x0000000002ceb000 	/System/Library/PrivateFrameworks/CoreUI.framework/Versions/A/CoreUI
0x0000000002ceb000 	/System/Library/Frameworks/CoreAudio.framework/Versions/A/CoreAudio
0x0000000002ceb000 	/System/Library/Frameworks/DiskArbitration.framework/Versions/A/DiskArbitration
0x0000000002ceb000 	/usr/lib/liblangid.dylib
0x0000000002ceb000 	/System/Library/PrivateFrameworks/MultitouchSupport.framework/Versions/A/MultitouchSupport
0x0000000002ceb000 	/System/Library/Frameworks/IOKit.framework/Versions/A/IOKit
0x0000000002ceb000 	/usr/lib/libDiagnosticMessagesClient.dylib
0x0000000002ceb000 	/System/Library/Frameworks/CoreServices.framework/Versions/A/CoreServices
0x0000000002ceb000 	/System/Library/PrivateFrameworks/PerformanceAnalysis.framework/Versions/A/PerformanceAnalysis
0x0000000002ceb000 	/System/Library/PrivateFrameworks/GenerationalStorage.framework/Versions/A/GenerationalStorage
0x0000000002ceb000 	/System/Library/Frameworks/OpenGL.framework/Versions/A/OpenGL
0x0000000002ceb000 	/System/Library/PrivateFrameworks/Sharing.framework/Versions/A/Sharing
0x0000000002ceb000 	/System/Library/Frameworks/CoreGraphics.framework/Versions/A/CoreGraphics
0x0000000002ceb000 	/System/Library/Frameworks/CoreImage.framework/Versions/A/CoreImage
0x0000000002ceb000 	/System/Library/Frameworks/CoreText.framework/Versions/A/CoreText
0x0000000002ceb000 	/System/Library/Frameworks/ImageIO.framework/Versions/A/ImageIO
0x0000000002ceb000 	/System/Library/PrivateFrameworks/Backup.framework/Versions/A/Backup
0x0000000002ceb000 	/usr/lib/libextension.dylib
0x0000000002ceb000 	/usr/lib/libarchive.2.dylib
0x0000000002ceb000 	/System/Library/Frameworks/CFNetwork.framework/Versions/A/CFNetwork
0x0000000002ceb000 	/System/Library/Frameworks/SystemConfiguration.framework/Versions/A/SystemConfiguration
0x0000000002ceb000 	/usr/lib/libCRFSuite.dylib
0x0000000002ceb000 	/usr/lib/libc++.1.dylib
0x0000000002ceb000 	/usr/lib/libc++abi.dylib
0x0000000002ceb000 	/usr/lib/system/libcache.dylib
0x0000000002ceb000 	/usr/lib/system/libcommonCrypto.dylib
0x0000000002ceb000 	/usr/lib/system/libcompiler_rt.dylib
0x0000000002ceb000 	/usr/lib/system/libcopyfile.dylib
0x0000000002ceb000 	/usr/lib/system/libcorecrypto.dylib
0x0000000002ceb000 	/usr/lib/system/libdispatch.dylib
0x0000000002ceb000 	/usr/lib/system/libdyld.dylib
0x0000000002ceb000 	/usr/lib/system/libkeymgr.dylib
0x0000000002ceb000 	/usr/lib/system/liblaunch.dylib
0x0000000002ceb000 	/usr/lib/system/libmacho.dylib
0x0000000002ceb000 	/usr/lib/system/libquarantine.dylib
0x0000000002ceb000 	/usr/lib/system/libremovefile.dylib
0x0000000002ceb000 	/usr/lib/system/libsystem_asl.dylib
0x0000000002ceb000 	/usr/lib/system/libsystem_blocks.dylib
0x0000000002ceb000 	/usr/lib/system/libsystem_c.dylib
0x0000000002ceb000 	/usr/lib/system/libsystem_configuration.dylib
0x0000000002ceb000 	/usr/lib/system/libsystem_coreservices.dylib
0x0000000002ceb000 	/usr/lib/system/libsystem_coretls.dylib
0x0000000002ceb000 	/usr/lib/system/libsystem_dnssd.dylib
0x0000000002ceb000 	/usr/lib/system/libsystem_info.dylib
0x0000000002ceb000 	/usr/lib/system/libsystem_kernel.dylib
0x0000000002ceb000 	/usr/lib/system/libsystem_m.dylib
0x0000000002ceb000 	/usr/lib/system/libsystem_malloc.dylib
0x0000000002ceb000 	/usr/lib/system/libsystem_network.dylib
0x0000000002ceb000 	/usr/lib/system/libsystem_networkextension.dylib
0x0000000002ceb000 	/usr/lib/system/libsystem_notify.dylib
0x0000000002ceb000 	/usr/lib/system/libsystem_platform.dylib
0x0000000002ceb000 	/usr/lib/system/libsystem_pthread.dylib
0x0000000002ceb000 	/usr/lib/system/libsystem_sandbox.dylib
0x0000000002ceb000 	/usr/lib/system/libsystem_secinit.dylib
0x0000000002ceb000 	/usr/lib/system/libsystem_trace.dylib
0x0000000002ceb000 	/usr/lib/system/libunc.dylib
0x0000000002ceb000 	/usr/lib/system/libunwind.dylib
0x0000000002ceb000 	/usr/lib/system/libxpc.dylib
0x0000000002ceb000 	/usr/lib/libenergytrace.dylib
0x0000000002ceb000 	/usr/lib/libbsm.0.dylib
0x0000000002ceb000 	/usr/lib/system/libkxld.dylib
0x0000000002ceb000 	/usr/lib/libxar.1.dylib
0x0000000002ceb000 	/usr/lib/libsqlite3.dylib
0x0000000002ceb000 	/usr/lib/libpam.2.dylib
0x0000000002ceb000 	/usr/lib/libOpenScriptingUtil.dylib
0x0000000002ceb000 	/usr/lib/libbz2.1.0.dylib
0x0000000002ceb000 	/usr/lib/liblzma.5.dylib
0x0000000002ceb000 	/System/Library/Frameworks/CoreServices.framework/Versions/A/Frameworks/FSEvents.framework/Versions/A/FSEvents
0x0000000002ceb000 	/System/Library/Frameworks/CoreServices.framework/Versions/A/Frameworks/CarbonCore.framework/Versions/A/CarbonCore
0x0000000002ceb000 	/System/Library/Frameworks/CoreServices.framework/Versions/A/Frameworks/Metadata.framework/Versions/A/Metadata
0x0000000002ceb000 	/System/Library/Frameworks/CoreServices.framework/Versions/A/Frameworks/OSServices.framework/Versions/A/OSServices
0x0000000002ceb000 	/System/Library/Frameworks/CoreServices.framework/Versions/A/Frameworks/SearchKit.framework/Versions/A/SearchKit
0x0000000002ceb000 	/System/Library/Frameworks/CoreServices.framework/Versions/A/Frameworks/AE.framework/Versions/A/AE
0x0000000002ceb000 	/System/Library/Frameworks/CoreServices.framework/Versions/A/Frameworks/LaunchServices.framework/Versions/A/LaunchServices
0x0000000002ceb000 	/System/Library/Frameworks/CoreServices.framework/Versions/A/Frameworks/DictionaryServices.framework/Versions/A/DictionaryServices
0x0000000002ceb000 	/System/Library/Frameworks/CoreServices.framework/Versions/A/Frameworks/SharedFileList.framework/Versions/A/SharedFileList
0x0000000002ceb000 	/System/Library/Frameworks/NetFS.framework/Versions/A/NetFS
0x0000000002ceb000 	/System/Library/PrivateFrameworks/NetAuth.framework/Versions/A/NetAuth
0x0000000002ceb000 	/System/Library/PrivateFrameworks/login.framework/Versions/A/Frameworks/loginsupport.framework/Versions/A/loginsupport
0x0000000002ceb000 	/System/Library/PrivateFrameworks/TCC.framework/Versions/A/TCC
0x0000000002ceb000 	/usr/lib/libmecabra.dylib
0x0000000002ceb000 	/System/Library/Frameworks/ApplicationServices.framework/Versions/A/Frameworks/ATS.framework/Versions/A/ATS
0x0000000002ceb000 	/System/Library/Frameworks/ApplicationServices.framework/Versions/A/Frameworks/ColorSync.framework/Versions/A/ColorSync
0x0000000002ceb000 	/System/Library/Frameworks/ApplicationServices.framework/Versions/A/Frameworks/HIServices.framework/Versions/A/HIServices
0x0000000002ceb000 	/System/Library/Frameworks/ApplicationServices.framework/Versions/A/Frameworks/LangAnalysis.framework/Versions/A/LangAnalysis
0x0000000002ceb000 	/System/Library/Frameworks/ApplicationServices.framework/Versions/A/Frameworks/PrintCore.framework/Versions/A/PrintCore
0x0000000002ceb000 	/System/Library/Frameworks/ApplicationServices.framework/Versions/A/Frameworks/QD.framework/Versions/A/QD
0x0000000002ceb000 	/System/Library/Frameworks/ApplicationServices.framework/Versions/A/Frameworks/SpeechSynthesis.framework/Versions/A/SpeechSynthesis
0x0000000002ceb000 	/System/Library/Frameworks/Metal.framework/Versions/A/Metal
0x0000000002ceb000 	/System/Library/Frameworks/Accelerate.framework/Versions/A/Frameworks/vImage.framework/Versions/A/vImage
0x0000000002ceb000 	/System/Library/Frameworks/Accelerate.framework/Versions/A/Frameworks/vecLib.framework/Versions/A/vecLib
0x0000000002ceb000 	/System/Library/Frameworks/Accelerate.framework/Versions/A/Frameworks/vecLib.framework/Versions/A/libvDSP.dylib
0x0000000002ceb000 	/System/Library/Frameworks/Accelerate.framework/Versions/A/Frameworks/vecLib.framework/Versions/A/libvMisc.dylib
0x0000000002ceb000 	/System/Library/Frameworks/Accelerate.framework/Versions/A/Frameworks/vecLib.framework/Versions/A/libLAPACK.dylib
0x0000000002ceb000 	/System/Library/Frameworks/Accelerate.framework/Versions/A/Frameworks/vecLib.framework/Versions/A/libBLAS.dylib
0x0000000002ceb000 	/System/Library/Frameworks/Accelerate.framework/Versions/A/Frameworks/vecLib.framework/Versions/A/libLinearAlgebra.dylib
0x0000000002ceb000 	/System/Library/Frameworks/Accelerate.framework/Versions/A/Frameworks/vecLib.framework/Versions/A/libSparseBLAS.dylib
0x0000000002ceb000 	/System/Library/PrivateFrameworks/GPUCompiler.framework/libmetal_timestamp.dylib
0x0000000002ceb000 	/System/Library/Frameworks/OpenGL.framework/Versions/A/Libraries/libCoreFSCache.dylib
0x0000000002ceb000 	/System/Library/PrivateFrameworks/IOAccelerator.framework/Versions/A/IOAccelerator
0x0000000002ceb000 	/System/Library/Frameworks/ApplicationServices.framework/Versions/A/Frameworks/ATS.framework/Versions/A/Resources/libFontParser.dylib
0x0000000002ceb000 	/System/Library/Frameworks/ApplicationServices.framework/Versions/A/Frameworks/ATS.framework/Versions/A/Resources/libFontRegistry.dylib
0x0000000002ceb000 	/System/Library/PrivateFrameworks/AppleVPA.framework/Versions/A/AppleVPA
0x0000000002ceb000 	/System/Library/PrivateFrameworks/AppleJPEG.framework/Versions/A/AppleJPEG
0x0000000002ceb000 	/System/Library/Frameworks/ImageIO.framework/Versions/A/Resources/libJPEG.dylib
0x0000000002ceb000 	/System/Library/Frameworks/ImageIO.framework/Versions/A/Resources/libTIFF.dylib
0x0000000002ceb000 	/System/Library/Frameworks/ImageIO.framework/Versions/A/Resources/libPng.dylib
0x0000000002ceb000 	/System/Library/Frameworks/ImageIO.framework/Versions/A/Resources/libGIF.dylib
0x0000000002ceb000 	/System/Library/Frameworks/ImageIO.framework/Versions/A/Resources/libJP2.dylib
0x0000000002ceb000 	/System/Library/Frameworks/ImageIO.framework/Versions/A/Resources/libRadiance.dylib
0x0000000002ceb000 	/System/Library/Frameworks/CoreVideo.framework/Versions/A/CoreVideo
0x0000000002ceb000 	/System/Library/Frameworks/OpenGL.framework/Versions/A/Libraries/libGLU.dylib
0x0000000002ceb000 	/System/Library/Frameworks/OpenGL.framework/Versions/A/Libraries/libGFXShared.dylib
0x0000000002ceb000 	/System/Library/Frameworks/OpenGL.framework/Versions/A/Libraries/libGL.dylib
0x0000000002ceb000 	/System/Library/Frameworks/OpenGL.framework/Versions/A/Libraries/libGLImage.dylib
0x0000000002ceb000 	/System/Library/Frameworks/OpenGL.framework/Versions/A/Libraries/libCVMSPluginSupport.dylib
0x0000000002ceb000 	/System/Library/Frameworks/OpenGL.framework/Versions/A/Libraries/libCoreVMClient.dylib
0x0000000002ceb000 	/usr/lib/libcompression.dylib
0x0000000002ceb000 	/usr/lib/libcups.2.dylib
0x0000000002ceb000 	/System/Library/Frameworks/Kerberos.framework/Versions/A/Kerberos
0x0000000002ceb000 	/System/Library/Frameworks/GSS.framework/Versions/A/GSS
0x0000000002ceb000 	/usr/lib/libresolv.9.dylib
0x0000000002ceb000 	/usr/lib/libiconv.2.dylib
0x0000000002ceb000 	/System/Library/PrivateFrameworks/Heimdal.framework/Versions/A/Heimdal
0x0000000002ceb000 	/usr/lib/libheimdal-asn1.dylib
0x0000000002ceb000 	/System/Library/Frameworks/OpenDirectory.framework/Versions/A/OpenDirectory
0x0000000002ceb000 	/System/Library/PrivateFrameworks/CommonAuth.framework/Versions/A/CommonAuth
0x0000000002ceb000 	/System/Library/Frameworks/OpenDirectory.framework/Versions/A/Frameworks/CFOpenDirectory.framework/Versions/A/CFOpenDirectory
0x0000000002ceb000 	/System/Library/Frameworks/SecurityFoundation.framework/Versions/A/SecurityFoundation
0x0000000002ceb000 	/System/Library/PrivateFrameworks/LanguageModeling.framework/Versions/A/LanguageModeling
0x0000000002ceb000 	/usr/lib/libmarisa.dylib
0x0000000002ceb000 	/usr/lib/libChineseTokenizer.dylib
0x0000000002ceb000 	/usr/lib/libcmph.dylib
0x0000000002ceb000 	/System/Library/Frameworks/ServiceManagement.framework/Versions/A/ServiceManagement
0x0000000002ceb000 	/usr/lib/libxslt.1.dylib
0x0000000002ceb000 	/System/Library/Frameworks/Carbon.framework/Versions/A/Frameworks/Ink.framework/Versions/A/Ink
0x0000000002ceb000 	/usr/lib/libFosl_dynamic.dylib
0x0000000002ceb000 	/System/Library/PrivateFrameworks/FaceCore.framework/Versions/A/FaceCore
0x0000000002ceb000 	/System/Library/Frameworks/OpenCL.framework/Versions/A/OpenCL
0x0000000002ceb000 	/System/Library/PrivateFrameworks/CrashReporterSupport.framework/Versions/A/CrashReporterSupport
0x0000000002ceb000 	/System/Library/PrivateFrameworks/IconServices.framework/Versions/A/IconServices
0x0000000002ceb000 	/System/Library/PrivateFrameworks/Apple80211.framework/Versions/A/Apple80211
0x0000000002ceb000 	/System/Library/Frameworks/CoreWLAN.framework/Versions/A/CoreWLAN
0x0000000002ceb000 	/System/Library/Frameworks/IOBluetooth.framework/Versions/A/IOBluetooth
0x0000000002ceb000 	/System/Library/PrivateFrameworks/CoreWiFi.framework/Versions/A/CoreWiFi
0x0000000002ceb000 	/System/Library/Frameworks/CoreBluetooth.framework/Versions/A/CoreBluetooth
0x0000000002ceb000 	/System/Library/PrivateFrameworks/ChunkingLibrary.framework/Versions/A/ChunkingLibrary
0x0000000002ceb000 	/System/Library/PrivateFrameworks/DebugSymbols.framework/Versions/A/DebugSymbols
0x0000000002ceb000 	/System/Library/PrivateFrameworks/CoreSymbolication.framework/Versions/A/CoreSymbolication
0x0000000002ceb000 	/System/Library/PrivateFrameworks/Symbolication.framework/Versions/A/Symbolication
0x0000000002ceb000 	/System/Library/PrivateFrameworks/SpeechRecognitionCore.framework/Versions/A/SpeechRecognitionCore
0x0000000110600000 	/Library/Java/JavaVirtualMachines/jdk1.7.0_51.jdk/Contents/Home/jre/lib/server/libjvm.dylib
0x0000000002ceb000 	/usr/lib/libstdc++.6.dylib
0x000000010fc1b000 	/Library/Java/JavaVirtualMachines/jdk1.7.0_51.jdk/Contents/Home/jre/lib/libverify.dylib
0x000000010fc28000 	/Library/Java/JavaVirtualMachines/jdk1.7.0_51.jdk/Contents/Home/jre/lib/libjava.dylib
0x000000010fc62000 	/Library/Java/JavaVirtualMachines/jdk1.7.0_51.jdk/Contents/Home/jre/lib/libzip.dylib
0x000000011a021000 	/System/Library/Frameworks/JavaVM.framework/Frameworks/JavaRuntimeSupport.framework/JavaRuntimeSupport
0x000000011a03c000 	/System/Library/Frameworks/JavaVM.framework/Versions/A/Frameworks/JavaNativeFoundation.framework/Versions/A/JavaNativeFoundation
0x000000011a051000 	/System/Library/Frameworks/JavaVM.framework/Versions/A/JavaVM
0x0000000002ceb000 	/System/Library/Frameworks/Carbon.framework/Versions/A/Carbon
0x000000011a05e000 	/System/Library/PrivateFrameworks/JavaLaunching.framework/Versions/A/JavaLaunching
0x0000000002ceb000 	/System/Library/Frameworks/Carbon.framework/Versions/A/Frameworks/CommonPanels.framework/Versions/A/CommonPanels
0x0000000002ceb000 	/System/Library/Frameworks/Carbon.framework/Versions/A/Frameworks/Help.framework/Versions/A/Help
0x0000000002ceb000 	/System/Library/Frameworks/Carbon.framework/Versions/A/Frameworks/ImageCapture.framework/Versions/A/ImageCapture
0x0000000002ceb000 	/System/Library/Frameworks/Carbon.framework/Versions/A/Frameworks/OpenScripting.framework/Versions/A/OpenScripting
0x0000000002ceb000 	/System/Library/Frameworks/Carbon.framework/Versions/A/Frameworks/Print.framework/Versions/A/Print
0x0000000002ceb000 	/System/Library/Frameworks/Carbon.framework/Versions/A/Frameworks/SecurityHI.framework/Versions/A/SecurityHI
0x000000011b9d5000 	/Library/Java/JavaVirtualMachines/jdk1.7.0_51.jdk/Contents/Home/jre/lib/libawt.dylib
0x000000011ba84000 	/Library/Java/JavaVirtualMachines/jdk1.7.0_51.jdk/Contents/Home/jre/lib/./libmlib_image.dylib
0x000000011bb50000 	/Library/Java/JavaVirtualMachines/jdk1.7.0_51.jdk/Contents/Home/jre/lib/lwawt/liblwawt.dylib
0x000000011bc04000 	/Library/Java/JavaVirtualMachines/jdk1.7.0_51.jdk/Contents/Home/jre/lib/libosxapp.dylib
0x0000000002ceb000 	/System/Library/Frameworks/ExceptionHandling.framework/Versions/A/ExceptionHandling
0x0000000002ceb000 	/System/Library/PrivateFrameworks/CoreServicesInternal.framework/Versions/A/CoreServicesInternal
0x0000000002ceb000 	/System/Library/Frameworks/CoreGraphics.framework/Versions/A/Resources/libRIP.A.dylib
0x0000000002ceb000 	/System/Library/Frameworks/Accelerate.framework/Versions/A/Frameworks/vImage.framework/Versions/A/Libraries/libCGInterfaces.dylib
0x0000000002ceb000 	/System/Library/Frameworks/CoreGraphics.framework/Versions/A/Resources/libCGXType.A.dylib
0x0000000002ceb000 	/System/Library/Frameworks/OpenCL.framework/Versions/A/Libraries/libcldcpuengine.dylib
0x0000000002ceb000 	/System/Library/PrivateFrameworks/DiskImages.framework/Versions/A/DiskImages
0x0000000002ceb000 	/System/Library/Frameworks/DiscRecording.framework/Versions/A/DiscRecording
0x0000000002ceb000 	/usr/lib/libcsfde.dylib
0x0000000002ceb000 	/usr/lib/libcurl.4.dylib
0x0000000002ceb000 	/System/Library/PrivateFrameworks/MediaKit.framework/Versions/A/MediaKit
0x0000000002ceb000 	/System/Library/PrivateFrameworks/ProtectedCloudStorage.framework/Versions/A/ProtectedCloudStorage
0x0000000002ceb000 	/usr/lib/libCoreStorage.dylib
0x0000000002ceb000 	/System/Library/PrivateFrameworks/EFILogin.framework/Versions/A/EFILogin
0x0000000002ceb000 	/usr/lib/libutil.dylib
0x0000000002ceb000 	/System/Library/PrivateFrameworks/FindMyDevice.framework/Versions/A/FindMyDevice
0x0000000002ceb000 	/System/Library/Frameworks/LDAP.framework/Versions/A/LDAP
0x0000000002ceb000 	/usr/lib/libsasl2.2.dylib
0x0000000002ceb000 	/System/Library/PrivateFrameworks/CoreDaemon.framework/Versions/B/CoreDaemon
0x0000000002ceb000 	/usr/lib/libcrypto.0.9.8.dylib
0x0000000002ceb000 	/System/Library/PrivateFrameworks/AppleSRP.framework/Versions/A/AppleSRP
0x0000000002ceb000 	/System/Library/PrivateFrameworks/TrustEvaluationAgent.framework/Versions/A/TrustEvaluationAgent
0x000000011c78f000 	cl_kernels
0x0000000002ceb000 	/System/Library/Frameworks/OpenCL.framework/Versions/A/Libraries/ImageFormats/unorm8_bgra.dylib
0x0000000002ceb000 	/System/Library/Frameworks/OpenCL.framework/Versions/A/Libraries/ImageFormats/unorm8_rgba.dylib
0x0000000002ceb000 	/System/Library/PrivateFrameworks/FamilyControls.framework/Versions/A/FamilyControls
0x0000000002ceb000 	/System/Library/PrivateFrameworks/CommerceKit.framework/Versions/A/Frameworks/CommerceCore.framework/Versions/A/CommerceCore
0x0000000002ceb000 	/System/Library/PrivateFrameworks/SystemAdministration.framework/Versions/A/SystemAdministration
0x0000000002ceb000 	/System/Library/PrivateFrameworks/AppContainer.framework/Versions/A/AppContainer
0x0000000002ceb000 	/System/Library/PrivateFrameworks/SecCodeWrapper.framework/Versions/A/SecCodeWrapper
0x0000000002ceb000 	/System/Library/Frameworks/DirectoryService.framework/Versions/A/DirectoryService
0x0000000002ceb000 	/System/Library/PrivateFrameworks/LoginUIKit.framework/Versions/A/Frameworks/LoginUICore.framework/Versions/A/LoginUICore
0x0000000002ceb000 	/usr/lib/libodfde.dylib
0x000000011c7b0000 	/Library/Java/JavaVirtualMachines/jdk1.7.0_51.jdk/Contents/Home/jre/lib/libfontmanager.dylib
0x000000011e579000 	/Users/anna/Documents/LudumWorkspace/LudumDare40/lib/Slick2D/liblwjgl.dylib
0x000000011c5ac000 	/Library/Java/JavaVirtualMachines/jdk1.7.0_51.jdk/Contents/Home/jre/lib/libjawt.dylib
0x000000011c5af000 	/Library/Java/JavaVirtualMachines/jdk1.7.0_51.jdk/Contents/Home/jre/lib/libnio.dylib
0x000000011c817000 	/Library/Java/JavaVirtualMachines/jdk1.7.0_51.jdk/Contents/Home/jre/lib/./libnet.dylib
0x0000000002ceb000 	/System/Library/Frameworks/OpenGL.framework/Versions/A/Resources/GLEngine.bundle/GLEngine
0x0000000002ceb000 	/System/Library/Frameworks/OpenGL.framework/Versions/A/Libraries/libGLProgrammability.dylib
0x000000011e643000 	/System/Library/Extensions/AppleIntelHD4000GraphicsGLDriver.bundle/Contents/MacOS/AppleIntelHD4000GraphicsGLDriver
0x0000000002ceb000 	/System/Library/PrivateFrameworks/GPUSupport.framework/Versions/A/Libraries/libGPUSupportMercury.dylib
0x0000000002ceb000 	/System/Library/Frameworks/OpenGL.framework/Versions/A/Resources/GLRendererFloat.bundle/GLRendererFloat
0x000000011c78a000 	/Users/anna/Documents/LudumWorkspace/LudumDare40/lib/Slick2D/libjinput-osx.dylib
0x000000011fc79000 	/System/Library/Extensions/IOHIDFamily.kext/Contents/PlugIns/IOHIDLib.plugin/Contents/MacOS/IOHIDLib

VM Arguments:
jvm_args: -Djava.library.path=/Users/anna/Documents/LudumWorkspace/LudumDare40/lib/Slick2D -Dfile.encoding=US-ASCII 
java_command: com.ludumdare40.Leader
Launcher Type: SUN_STANDARD

Environment Variables:
PATH=/usr/bin:/bin:/usr/sbin:/sbin
SHELL=/bin/tcsh
DISPLAY=/private/tmp/com.apple.launchd.0UnK3CuboR/org.macosforge.xquartz:0

Signal Handlers:
SIGSEGV: [libjvm.dylib+0x525425], sa_mask[0]=0xfffefeff, sa_flags=0x00000043
SIGBUS: [libjvm.dylib+0x525425], sa_mask[0]=0xfffefeff, sa_flags=0x00000042
SIGFPE: [libjvm.dylib+0x41892a], sa_mask[0]=0xfffefeff, sa_flags=0x00000042
SIGPIPE: [libjvm.dylib+0x41892a], sa_mask[0]=0xfffefeff, sa_flags=0x00000042
SIGXFSZ: [libjvm.dylib+0x41892a], sa_mask[0]=0xfffefeff, sa_flags=0x00000042
SIGILL: [libjvm.dylib+0x41892a], sa_mask[0]=0xfffefeff, sa_flags=0x00000042
SIGUSR1: SIG_DFL, sa_mask[0]=0x00000000, sa_flags=0x00000000
SIGUSR2: [libjvm.dylib+0x41841c], sa_mask[0]=0x00000004, sa_flags=0x00000042
SIGHUP: [libjvm.dylib+0x4166ab], sa_mask[0]=0xfffefeff, sa_flags=0x00000042
SIGINT: [libjvm.dylib+0x4166ab], sa_mask[0]=0xfffefeff, sa_flags=0x00000042
SIGTERM: [libjvm.dylib+0x4166ab], sa_mask[0]=0xfffefeff, sa_flags=0x00000042
SIGQUIT: [libjvm.dylib+0x4166ab], sa_mask[0]=0xfffefeff, sa_flags=0x00000042


---------------  S Y S T E M  ---------------

OS:Bsduname:Darwin 15.6.0 Darwin Kernel Version 15.6.0: Thu Jun 23 18:25:34 PDT 2016; root:xnu-3248.60.10~1/RELEASE_X86_64 x86_64
rlimit: STACK 8192k, CORE 0k, NPROC 709, NOFILE 10240, AS infinity
load average:2.65 2.55 2.54

CPU:total 4 (2 cores per cpu, 2 threads per core) family 6 model 58 stepping 9, cmov, cx8, fxsr, mmx, sse, sse2, sse3, ssse3, sse4.1, sse4.2, popcnt, avx, aes, erms, ht, tsc, tscinvbit, tscinv

Memory: 4k page, physical 8388608k(2097152k free)

/proc/meminfo:


vm_info: Java HotSpot(TM) 64-Bit Server VM (24.51-b03) for bsd-amd64 JRE (1.7.0_51-b13), built on Dec 18 2013 18:45:56 by "java_re" with gcc 4.2.1 (Based on Apple Inc. build 5658) (LLVM build 2336.11.00)

time: Sat Dec  2 15:27:10 2017
elapsed time: 8 seconds

